veridium-ui-modules/veridium-fourf-export-ui/build/intermediates/manifest_merge_blame_file/debug/manifest-merger-blame-debug-report.txt
1<?xml version="1.0" encoding="utf-8"?>
2<manifest xmlns:android="http://schemas.android.com/apk/res/android"
3    package="com.veridiumid.sdk.fourfexport.defaultui"
4    android:versionName="1.0" >
5
6    <uses-sdk
7        android:minSdkVersion="16"
7-->src\main\AndroidManifest.xml
8        android:targetSdkVersion="27" />
8-->src\main\AndroidManifest.xml
9
10    <uses-permission android:name="android.permission.INTERNET" />
10-->src\main\AndroidManifest.xml:5:5-67
10-->src\main\AndroidManifest.xml:5:22-64
11    <uses-permission android:name="android.permission.ACCESS_NETWORK_STATE" />
11-->src\main\AndroidManifest.xml:6:5-79
11-->src\main\AndroidManifest.xml:6:22-76
12    <uses-permission android:name="android.permission.VIBRATE" />
12-->src\main\AndroidManifest.xml:7:5-66
12-->src\main\AndroidManifest.xml:7:22-63
13
14    <application android:supportsRtl="true" >
14-->src\main\AndroidManifest.xml:9:5-13:19
14-->src\main\AndroidManifest.xml:9:18-44
15        <meta-data
15-->src\main\AndroidManifest.xml:10:9-12:57
16            android:name="preloaded_fonts"
16-->src\main\AndroidManifest.xml:11:13-43
17            android:resource="@array/preloaded_fonts" />
17-->src\main\AndroidManifest.xml:12:13-54
18    </application>
19
20</manifest>